::1 - - [17/Apr/2023:00:04:08 +0800] "GET / HTTP/1.1" 500 -
::1 - - [17/Apr/2023:00:04:09 +0800] "GET / HTTP/1.1" 500 -
::1 - - [17/Apr/2023:00:04:10 +0800] "GET / HTTP/1.1" 500 -
::1 - - [17/Apr/2023:00:04:22 +0800] "GET / HTTP/1.1" 200 114
::1 - - [17/Apr/2023:00:04:44 +0800] "GET / HTTP/1.1" 200 136
::1 - - [17/Apr/2023:00:07:10 +0800] "GET / HTTP/1.1" 500 105
::1 - - [17/Apr/2023:00:07:11 +0800] "GET / HTTP/1.1" 500 105
::1 - - [17/Apr/2023:00:07:22 +0800] "GET / HTTP/1.1" 500 105
::1 - - [17/Apr/2023:00:07:22 +0800] "GET / HTTP/1.1" 500 105
::1 - - [17/Apr/2023:00:07:23 +0800] "POST /phpmyadmin/index.php?route=/ HTTP/1.1" 200 1566
::1 - - [17/Apr/2023:00:07:36 +0800] "GET / HTTP/1.1" 500 -
::1 - - [17/Apr/2023:00:07:37 +0800] "GET / HTTP/1.1" 500 -
::1 - - [17/Apr/2023:00:08:20 +0800] "GET / HTTP/1.1" 200 136
::1 - - [17/Apr/2023:00:10:36 +0800] "GET /phpmyadmin/ HTTP/1.1" 200 14832
::1 - - [17/Apr/2023:00:10:36 +0800] "GET /phpmyadmin/themes/pmahomme/css/theme.css?v=5.1.3&nocache=-353867829ltr&server=1 HTTP/1.1" 200 216144
::1 - - [17/Apr/2023:00:10:36 +0800] "POST /phpmyadmin/index.php?route=/config/get HTTP/1.1" 200 1524
::1 - - [17/Apr/2023:00:10:36 +0800] "POST /phpmyadmin/index.php?route=/config/get HTTP/1.1" 200 1614
::1 - - [17/Apr/2023:00:10:36 +0800] "POST /phpmyadmin/index.php?route=/navigation&ajax_request=1 HTTP/1.1" 200 2142
::1 - - [17/Apr/2023:00:10:36 +0800] "POST /phpmyadmin/index.php?route=/version-check HTTP/1.1" 200 64
::1 - - [17/Apr/2023:00:10:37 +0800] "POST /phpmyadmin/index.php?route=/config/set HTTP/1.1" 200 1515
::1 - - [17/Apr/2023:00:10:38 +0800] "GET /phpmyadmin/index.php?route=/database/structure&server=1&db=fpga_systems&ajax_request=true&ajax_page_request=true&_nocache=1681661438926982621&token=3422467922556d722f594a4a4b6f6d64 HTTP/1.1" 200 5011
::1 - - [17/Apr/2023:00:10:39 +0800] "POST /phpmyadmin/index.php?route=/navigation&ajax_request=1 HTTP/1.1" 200 1900
::1 - - [17/Apr/2023:00:10:42 +0800] "GET /phpmyadmin/themes/pmahomme/img/s_desc.png HTTP/1.1" 200 146
::1 - - [17/Apr/2023:00:11:26 +0800] "GET /phpmyadmin/index.php?route=/sql&db=fpga_systems&table=quartus_systems&pos=0&ajax_request=true&ajax_page_request=true&_nocache=1681661486719261413&token=3422467922556d722f594a4a4b6f6d64 HTTP/1.1" 200 8230
::1 - - [17/Apr/2023:00:11:26 +0800] "GET /phpmyadmin/index.php?route=/recent-table&ajax_request=1&recent_table=1&no_debug=true&_nocache=1681661486919276522&token=3422467922556d722f594a4a4b6f6d64 HTTP/1.1" 200 1579
::1 - - [17/Apr/2023:00:13:27 +0800] "GET / HTTP/1.1" 500 127
::1 - - [17/Apr/2023:00:13:28 +0800] "GET / HTTP/1.1" 500 127
::1 - - [17/Apr/2023:00:13:29 +0800] "GET / HTTP/1.1" 500 127
::1 - - [17/Apr/2023:00:13:29 +0800] "GET / HTTP/1.1" 500 127
::1 - - [17/Apr/2023:00:13:40 +0800] "GET / HTTP/1.1" 500 127
::1 - - [17/Apr/2023:00:14:17 +0800] "GET / HTTP/1.1" 200 1642
::1 - - [17/Apr/2023:00:21:22 +0800] "GET / HTTP/1.1" 200 1646
::1 - - [17/Apr/2023:00:27:33 +0800] "POST /phpmyadmin/index.php?route=/ HTTP/1.1" 200 1566
::1 - - [17/Apr/2023:00:31:34 +0800] "GET /phpmyadmin/index.php?route=/sql&db=fpga_systems&table=quartus_systems&pos=0 HTTP/1.1" 200 14971
::1 - - [17/Apr/2023:00:31:36 +0800] "GET /phpmyadmin/themes/pmahomme/css/theme.css?v=5.1.3&nocache=-1720584822ltr&server=1 HTTP/1.1" 200 216144
::1 - - [17/Apr/2023:00:31:36 +0800] "POST /phpmyadmin/index.php?route=/config/get HTTP/1.1" 200 1524
::1 - - [17/Apr/2023:00:31:36 +0800] "GET /phpmyadmin/index.php?route=/recent-table&ajax_request=1&recent_table=1&no_debug=true&_nocache=1681662696254310330&token=3422467922556d722f594a4a4b6f6d64 HTTP/1.1" 200 1579
::1 - - [17/Apr/2023:00:31:36 +0800] "GET /phpmyadmin/favicon.ico HTTP/1.1" 200 22486
::1 - - [17/Apr/2023:00:31:36 +0800] "POST /phpmyadmin/index.php?route=/navigation&ajax_request=1 HTTP/1.1" 200 2353
::1 - - [17/Apr/2023:00:31:36 +0800] "POST /phpmyadmin/index.php?route=/config/get HTTP/1.1" 200 1614
::1 - - [17/Apr/2023:00:31:36 +0800] "POST /phpmyadmin/index.php?route=/config/set HTTP/1.1" 200 1515
::1 - - [17/Apr/2023:00:31:37 +0800] "GET / HTTP/1.1" 500 -
::1 - - [17/Apr/2023:00:31:38 +0800] "GET / HTTP/1.1" 500 -
::1 - - [17/Apr/2023:00:31:39 +0800] "GET / HTTP/1.1" 500 -
::1 - - [17/Apr/2023:00:31:39 +0800] "GET / HTTP/1.1" 500 -
::1 - - [17/Apr/2023:00:32:36 +0800] "GET / HTTP/1.1" 200 2331
::1 - - [17/Apr/2023:00:37:59 +0800] "GET / HTTP/1.1" 200 2331
::1 - - [17/Apr/2023:00:38:02 +0800] "GET / HTTP/1.1" 200 2331
::1 - - [17/Apr/2023:00:38:29 +0800] "GET / HTTP/1.1" 200 2331
::1 - - [17/Apr/2023:00:51:14 +0800] "GET / HTTP/1.1" 200 2331
::1 - - [17/Apr/2023:00:51:15 +0800] "GET / HTTP/1.1" 200 2331
::1 - - [17/Apr/2023:00:51:18 +0800] "GET / HTTP/1.1" 200 366
::1 - - [17/Apr/2023:00:52:17 +0800] "GET / HTTP/1.1" 200 602
::1 - - [17/Apr/2023:00:52:53 +0800] "GET / HTTP/1.1" 200 599
::1 - - [17/Apr/2023:00:52:59 +0800] "GET /search_keyword.php?ip= HTTP/1.1" 500 55
::1 - - [17/Apr/2023:00:53:04 +0800] "GET /search_keyword.php?ip= HTTP/1.1" 500 55
::1 - - [17/Apr/2023:00:54:35 +0800] "GET /search_keyword.php?ip=asd HTTP/1.1" 500 -
::1 - - [17/Apr/2023:00:54:36 +0800] "GET /search_keyword.php?ip=asd HTTP/1.1" 500 -
::1 - - [17/Apr/2023:00:55:17 +0800] "GET /search_keyword.php?ip=sg HTTP/1.1" 500 -
::1 - - [17/Apr/2023:00:55:18 +0800] "GET /search_keyword.php?ip=sg HTTP/1.1" 500 -
::1 - - [17/Apr/2023:00:55:32 +0800] "POST /phpmyadmin/index.php?route=/ HTTP/1.1" 200 1566
::1 - - [17/Apr/2023:00:55:44 +0800] "GET /search_keyword.php?ip=sg HTTP/1.1" 200 711
::1 - - [17/Apr/2023:00:55:55 +0800] "GET /search_keyword.php?ip=GSFI HTTP/1.1" 200 711
::1 - - [17/Apr/2023:00:56:28 +0800] "GET /search_keyword.php?ip=GSFI HTTP/1.1" 200 711
::1 - - [17/Apr/2023:00:59:28 +0800] "GET / HTTP/1.1" 200 599
::1 - - [17/Apr/2023:00:59:33 +0800] "GET /search_keyword.php?ip=GSFI HTTP/1.1" 200 656
::1 - - [17/Apr/2023:00:59:43 +0800] "GET /phpmyadmin/index.php?route=/sql&server=1&db=fpga_systems&table=quartus_systems&pos=0&ajax_request=true&ajax_page_request=true&_nocache=1681664383838106933&token=3422467922556d722f594a4a4b6f6d64 HTTP/1.1" 200 8228
::1 - - [17/Apr/2023:00:59:44 +0800] "GET /phpmyadmin/index.php?route=/recent-table&ajax_request=1&recent_table=1&no_debug=true&_nocache=1681664384045463222&token=3422467922556d722f594a4a4b6f6d64 HTTP/1.1" 200 1579
::1 - - [17/Apr/2023:00:59:45 +0800] "POST /phpmyadmin/index.php?route=/config/set HTTP/1.1" 200 1515
::1 - - [17/Apr/2023:00:59:55 +0800] "GET /search_keyword.php?ip=Multiply+Adde HTTP/1.1" 200 43
::1 - - [17/Apr/2023:00:59:59 +0800] "GET /search_keyword.php?ip=Multiply+Adder HTTP/1.1" 200 43
::1 - - [17/Apr/2023:01:00:04 +0800] "GET /search_keyword.php?ip=Multiply+%5D HTTP/1.1" 200 43
::1 - - [17/Apr/2023:01:00:27 +0800] "GET /search_keyword.php?ip= HTTP/1.1" 200 1532
::1 - - [17/Apr/2023:01:00:41 +0800] "GET /search_keyword.php?ip=Nios+V%2Fm HTTP/1.1" 200 43
::1 - - [17/Apr/2023:01:00:43 +0800] "GET /search_keyword.php?ip=Nios+V%2Fm HTTP/1.1" 200 43
::1 - - [17/Apr/2023:01:01:56 +0800] "GET /search_keyword.php?ip=Nios+V%2Fm HTTP/1.1" 200 43
::1 - - [17/Apr/2023:01:01:58 +0800] "GET /search_keyword.php?ip=Nios+V%2Fm HTTP/1.1" 200 43
::1 - - [17/Apr/2023:01:02:16 +0800] "GET / HTTP/1.1" 200 366
::1 - - [17/Apr/2023:01:02:21 +0800] "GET /search_keyword.php?ip=Nios+V%2Fm HTTP/1.1" 200 43
::1 - - [17/Apr/2023:01:02:27 +0800] "GET /search_keyword.php?ip=Nios+ HTTP/1.1" 200 656
::1 - - [17/Apr/2023:01:02:45 +0800] "GET /search_keyword.php?ip=Multiply HTTP/1.1" 200 43
::1 - - [17/Apr/2023:01:02:50 +0800] "GET /search_keyword.php?ip=Adder HTTP/1.1" 200 43
::1 - - [17/Apr/2023:01:02:58 +0800] "POST /phpmyadmin/index.php HTTP/1.1" 200 7413
::1 - - [17/Apr/2023:01:02:58 +0800] "GET /phpmyadmin/index.php?route=/recent-table&ajax_request=1&recent_table=1&no_debug=true&_nocache=1681664578631612380&token=3422467922556d722f594a4a4b6f6d64 HTTP/1.1" 200 1579
::1 - - [17/Apr/2023:01:03:07 +0800] "GET /search_keyword.php?ip=PHY+ HTTP/1.1" 200 902
::1 - - [17/Apr/2023:01:03:19 +0800] "GET /search_keyword.php?ip=phy HTTP/1.1" 200 902
::1 - - [17/Apr/2023:01:03:25 +0800] "GET /search_keyword.php?ip=Multiply HTTP/1.1" 200 43
::1 - - [17/Apr/2023:01:03:32 +0800] "GET /search_keyword.php?ip= HTTP/1.1" 200 1532
::1 - - [17/Apr/2023:01:03:44 +0800] "GET /search_keyword.php?ip=Adder HTTP/1.1" 200 43
::1 - - [17/Apr/2023:01:03:57 +0800] "GET /search_keyword.php?ip=Reset HTTP/1.1" 200 43
::1 - - [17/Apr/2023:01:04:02 +0800] "GET /search_keyword.php?ip=Release HTTP/1.1" 200 43
::1 - - [17/Apr/2023:01:04:05 +0800] "GET /search_keyword.php?ip=Release HTTP/1.1" 200 43
::1 - - [17/Apr/2023:01:04:08 +0800] "GET / HTTP/1.1" 200 366
::1 - - [17/Apr/2023:01:04:13 +0800] "GET /search_keyword.php?ip=Release HTTP/1.1" 200 43
::1 - - [17/Apr/2023:01:05:01 +0800] "GET / HTTP/1.1" 200 366
::1 - - [17/Apr/2023:01:05:06 +0800] "GET /search_keyword.php?ip=Nios HTTP/1.1" 200 714
::1 - - [17/Apr/2023:01:05:33 +0800] "GET /search_keyword.php?ip=Nios HTTP/1.1" 200 714
::1 - - [17/Apr/2023:01:05:39 +0800] "GET /search_keyword.php?ip=GSFI HTTP/1.1" 200 714
::1 - - [17/Apr/2023:01:06:05 +0800] "GET /search_keyword.php?ip=GSFI HTTP/1.1" 200 713
::1 - - [17/Apr/2023:01:06:15 +0800] "GET /search_keyword.php?ip=GSFI HTTP/1.1" 200 716
::1 - - [17/Apr/2023:01:06:24 +0800] "GET /search_keyword.php?ip=Multiply HTTP/1.1" 200 107
::1 - - [17/Apr/2023:01:06:30 +0800] "GET /search_keyword.php?ip=Adder HTTP/1.1" 200 104
::1 - - [17/Apr/2023:01:06:34 +0800] "GET /search_keyword.php?ip=%2C HTTP/1.1" 200 100
::1 - - [17/Apr/2023:01:06:39 +0800] "GET /search_keyword.php?ip=Nios HTTP/1.1" 200 716
::1 - - [17/Apr/2023:01:06:45 +0800] "GET /search_keyword.php?ip=Generic HTTP/1.1" 200 106
::1 - - [17/Apr/2023:01:06:52 +0800] "GET /search_keyword.php?ip=generic HTTP/1.1" 200 106
::1 - - [17/Apr/2023:01:07:16 +0800] "GET / HTTP/1.1" 200 366
::1 - - [17/Apr/2023:01:07:21 +0800] "GET /search_keyword.php?ip=Multiply HTTP/1.1" 200 966
::1 - - [17/Apr/2023:01:07:27 +0800] "GET /search_keyword.php?ip=Multiply+Adder+IP HTTP/1.1" 200 116
::1 - - [17/Apr/2023:01:07:32 +0800] "GET /search_keyword.php?ip=Multiply+Adder+ HTTP/1.1" 200 973
::1 - - [17/Apr/2023:01:07:40 +0800] "GET /search_keyword.php?ip=Multiply+Adder+Intel HTTP/1.1" 200 978
::1 - - [17/Apr/2023:01:14:31 +0800] "GET / HTTP/1.1" 200 651
::1 - - [17/Apr/2023:01:14:40 +0800] "GET /search.php?search-column=IP&search-term=GSFI HTTP/1.1" 404 196
::1 - - [17/Apr/2023:01:14:55 +0800] "GET /search.php?search-column=IP&search-term=GSFI HTTP/1.1" 404 196
::1 - - [17/Apr/2023:01:15:18 +0800] "GET / HTTP/1.1" 200 648
::1 - - [17/Apr/2023:01:15:23 +0800] "GET /search.php?search-column=Description&search-term=GSFI HTTP/1.1" 404 196
::1 - - [17/Apr/2023:01:15:42 +0800] "GET / HTTP/1.1" 200 656
::1 - - [17/Apr/2023:01:15:44 +0800] "GET /search_keyword.php?search-column=IP&search-term=GSFI HTTP/1.1" 200 103
::1 - - [17/Apr/2023:01:15:49 +0800] "GET /search_keyword.php?search-column=IP&search-term=Multiply HTTP/1.1" 200 966
::1 - - [17/Apr/2023:01:15:55 +0800] "GET /search_keyword.php?search-column=Peripherals&search-term=MX HTTP/1.1" 200 714
::1 - - [17/Apr/2023:01:16:21 +0800] "GET / HTTP/1.1" 200 630
::1 - - [17/Apr/2023:01:17:58 +0800] "GET / HTTP/1.1" 200 842
::1 - - [17/Apr/2023:01:20:46 +0800] "GET / HTTP/1.1" 200 1418
::1 - - [17/Apr/2023:01:26:54 +0800] "POST /phpmyadmin/index.php?route=/ HTTP/1.1" 200 1566
::1 - - [17/Apr/2023:01:36:54 +0800] "GET / HTTP/1.1" 200 2241
::1 - - [17/Apr/2023:01:38:11 +0800] "GET / HTTP/1.1" 200 2254
::1 - - [17/Apr/2023:01:38:36 +0800] "GET / HTTP/1.1" 200 2266
::1 - - [17/Apr/2023:01:39:49 +0800] "GET /phpmyadmin/index.php?route=/sql&db=fpga_systems&table=quartus_systems&pos=0&ajax_request=true&ajax_page_request=true&_nocache=1681666789958158308&token=3422467922556d722f594a4a4b6f6d64 HTTP/1.1" 200 8231
::1 - - [17/Apr/2023:01:39:51 +0800] "GET /phpmyadmin/index.php?route=/recent-table&ajax_request=1&recent_table=1&no_debug=true&_nocache=1681666791037342345&token=3422467922556d722f594a4a4b6f6d64 HTTP/1.1" 200 1579
::1 - - [17/Apr/2023:01:39:59 +0800] "GET /phpmyadmin/index.php?route=/table/structure&db=fpga_systems&table=quartus_systems&ajax_request=true&ajax_page_request=true&_nocache=1681666799688327965&token=3422467922556d722f594a4a4b6f6d64 HTTP/1.1" 200 8365
::1 - - [17/Apr/2023:01:40:00 +0800] "GET /phpmyadmin/index.php?route=/recent-table&ajax_request=1&recent_table=1&no_debug=true&_nocache=1681666800483699658&token=3422467922556d722f594a4a4b6f6d64 HTTP/1.1" 200 1579
::1 - - [17/Apr/2023:01:40:10 +0800] "GET /phpmyadmin/themes/pmahomme/img/bd_spatial.png HTTP/1.1" 200 243
::1 - - [17/Apr/2023:01:40:18 +0800] "GET /phpmyadmin/index.php?route=/table/structure/change&db=fpga_systems&table=quartus_systems&field=Entry+Date&change_column=1 HTTP/1.1" 200 15655
::1 - - [17/Apr/2023:01:40:19 +0800] "GET /phpmyadmin/themes/pmahomme/css/theme.css?v=5.1.3&nocache=-1346600160ltr&server=1 HTTP/1.1" 200 216144
::1 - - [17/Apr/2023:01:40:19 +0800] "GET /phpmyadmin/js/messages.php?l=en&v=5.1.3 HTTP/1.1" 200 7921
::1 - - [17/Apr/2023:01:40:19 +0800] "POST /phpmyadmin/index.php?route=/config/get HTTP/1.1" 200 1523
::1 - - [17/Apr/2023:01:40:19 +0800] "POST /phpmyadmin/index.php?route=/navigation&ajax_request=1 HTTP/1.1" 200 2353
::1 - - [17/Apr/2023:01:40:19 +0800] "POST /phpmyadmin/index.php?route=/config/get HTTP/1.1" 200 1614
::1 - - [17/Apr/2023:01:40:19 +0800] "GET /phpmyadmin/index.php?route=/recent-table&ajax_request=1&recent_table=1&no_debug=true&_nocache=1681666819469373544&token=3422467922556d722f594a4a4b6f6d64 HTTP/1.1" 200 1579
::1 - - [17/Apr/2023:01:40:19 +0800] "POST /phpmyadmin/index.php?route=/config/set HTTP/1.1" 200 1515
::1 - - [17/Apr/2023:01:40:24 +0800] "GET /phpmyadmin/index.php?route=/table/structure&db=fpga_systems&table=quartus_systems HTTP/1.1" 200 14758
::1 - - [17/Apr/2023:01:40:24 +0800] "GET /phpmyadmin/themes/pmahomme/css/theme.css?v=5.1.3&nocache=2111618584ltr&server=1 HTTP/1.1" 200 216144
::1 - - [17/Apr/2023:01:40:24 +0800] "POST /phpmyadmin/index.php?route=/config/get HTTP/1.1" 200 1523
::1 - - [17/Apr/2023:01:40:24 +0800] "POST /phpmyadmin/index.php?route=/navigation&ajax_request=1 HTTP/1.1" 200 2353
::1 - - [17/Apr/2023:01:40:24 +0800] "POST /phpmyadmin/index.php?route=/config/get HTTP/1.1" 200 1614
::1 - - [17/Apr/2023:01:40:24 +0800] "GET /phpmyadmin/index.php?route=/recent-table&ajax_request=1&recent_table=1&no_debug=true&_nocache=1681666824603448013&token=3422467922556d722f594a4a4b6f6d64 HTTP/1.1" 200 1579
::1 - - [17/Apr/2023:01:40:24 +0800] "POST /phpmyadmin/index.php?route=/config/set HTTP/1.1" 200 1515
::1 - - [17/Apr/2023:01:41:11 +0800] "POST /insert_data.php HTTP/1.1" 500 -
::1 - - [17/Apr/2023:01:41:15 +0800] "POST /insert_data.php HTTP/1.1" 500 -
::1 - - [17/Apr/2023:01:42:04 +0800] "POST /insert_data.php HTTP/1.1" 500 -
::1 - - [17/Apr/2023:01:42:10 +0800] "GET / HTTP/1.1" 200 2266
::1 - - [17/Apr/2023:01:42:25 +0800] "POST /insert_data.php HTTP/1.1" 500 -
::1 - - [17/Apr/2023:01:43:56 +0800] "POST /insert_data.php HTTP/1.1" 500 -
::1 - - [17/Apr/2023:01:44:17 +0800] "POST /insert_data.php HTTP/1.1" 500 -
::1 - - [17/Apr/2023:01:44:21 +0800] "GET /phpmyadmin/index.php?route=/table/structure&db=fpga_systems&table=quartus_systems HTTP/1.1" 200 14762
::1 - - [17/Apr/2023:01:44:22 +0800] "GET /phpmyadmin/themes/pmahomme/css/theme.css?v=5.1.3&nocache=-614751174ltr&server=1 HTTP/1.1" 200 216144
::1 - - [17/Apr/2023:01:44:22 +0800] "POST /phpmyadmin/index.php?route=/config/get HTTP/1.1" 200 1523
::1 - - [17/Apr/2023:01:44:22 +0800] "POST /phpmyadmin/index.php?route=/navigation&ajax_request=1 HTTP/1.1" 200 2353
::1 - - [17/Apr/2023:01:44:22 +0800] "POST /phpmyadmin/index.php?route=/config/get HTTP/1.1" 200 1614
::1 - - [17/Apr/2023:01:44:22 +0800] "GET /phpmyadmin/index.php?route=/recent-table&ajax_request=1&recent_table=1&no_debug=true&_nocache=1681667062187181337&token=3422467922556d722f594a4a4b6f6d64 HTTP/1.1" 200 1579
::1 - - [17/Apr/2023:01:44:22 +0800] "POST /phpmyadmin/index.php?route=/config/set HTTP/1.1" 200 1515
::1 - - [17/Apr/2023:01:44:30 +0800] "GET /phpmyadmin/index.php?route=/sql&db=fpga_systems&table=quartus_systems&pos=0&ajax_request=true&ajax_page_request=true&_nocache=1681667070208971500&token=3422467922556d722f594a4a4b6f6d64 HTTP/1.1" 200 8232
::1 - - [17/Apr/2023:01:44:30 +0800] "GET /phpmyadmin/index.php?route=/recent-table&ajax_request=1&recent_table=1&no_debug=true&_nocache=1681667070371727781&token=3422467922556d722f594a4a4b6f6d64 HTTP/1.1" 200 1579
::1 - - [17/Apr/2023:01:44:38 +0800] "POST /insert_data.php HTTP/1.1" 500 -
::1 - - [17/Apr/2023:01:49:02 +0800] "GET / HTTP/1.1" 200 2265
::1 - - [17/Apr/2023:01:49:10 +0800] "GET /insert_data.php?EDATool=Intel+Quartus&EDAVersion=23.2&IP=GSFI+IP%2C+Reset+Release+IP&Peripherals=Macronix+MX66U&Description=dasd&EntryDate=2023-04-16 HTTP/1.1" 500 -
::1 - - [17/Apr/2023:01:49:11 +0800] "GET /insert_data.php?EDATool=Intel+Quartus&EDAVersion=23.2&IP=GSFI+IP%2C+Reset+Release+IP&Peripherals=Macronix+MX66U&Description=dasd&EntryDate=2023-04-16 HTTP/1.1" 500 -
::1 - - [17/Apr/2023:01:49:13 +0800] "GET /insert_data.php?EDATool=Intel+Quartus&EDAVersion=23.2&IP=GSFI+IP%2C+Reset+Release+IP&Peripherals=Macronix+MX66U&Description=dasd&EntryDate=2023-04-16 HTTP/1.1" 500 -
::1 - - [17/Apr/2023:01:49:13 +0800] "GET /insert_data.php?EDATool=Intel+Quartus&EDAVersion=23.2&IP=GSFI+IP%2C+Reset+Release+IP&Peripherals=Macronix+MX66U&Description=dasd&EntryDate=2023-04-16 HTTP/1.1" 500 -
::1 - - [17/Apr/2023:01:50:51 +0800] "GET /phpmyadmin/index.php?route=/sql&db=fpga_systems&table=quartus_systems&pos=0 HTTP/1.1" 200 14971
::1 - - [17/Apr/2023:01:50:51 +0800] "GET /phpmyadmin/themes/pmahomme/css/theme.css?v=5.1.3&nocache=1565581027ltr&server=1 HTTP/1.1" 200 216144
::1 - - [17/Apr/2023:01:50:51 +0800] "POST /phpmyadmin/index.php?route=/config/get HTTP/1.1" 200 1523
::1 - - [17/Apr/2023:01:50:51 +0800] "POST /phpmyadmin/index.php?route=/navigation&ajax_request=1 HTTP/1.1" 200 2353
::1 - - [17/Apr/2023:01:50:51 +0800] "POST /phpmyadmin/index.php?route=/config/get HTTP/1.1" 200 1614
::1 - - [17/Apr/2023:01:50:52 +0800] "GET /phpmyadmin/index.php?route=/recent-table&ajax_request=1&recent_table=1&no_debug=true&_nocache=1681667452002605807&token=3422467922556d722f594a4a4b6f6d64 HTTP/1.1" 200 1579
::1 - - [17/Apr/2023:01:50:52 +0800] "POST /phpmyadmin/index.php?route=/config/set HTTP/1.1" 200 1515
::1 - - [17/Apr/2023:01:52:44 +0800] "POST /phpmyadmin/index.php HTTP/1.1" 200 3792
::1 - - [17/Apr/2023:01:52:44 +0800] "GET /phpmyadmin/index.php?route=/recent-table&ajax_request=1&recent_table=1&no_debug=true&_nocache=1681667564945998336&token=3422467922556d722f594a4a4b6f6d64 HTTP/1.1" 200 1579
::1 - - [17/Apr/2023:01:52:59 +0800] "GET /phpmyadmin/index.php?route=%2Ftable%2Fstructure&db=fpga_systems&table=quartus_systems&server=1&ajax_request=true&ajax_page_request=true&_nocache=1681667579814683497&token=3422467922556d722f594a4a4b6f6d64 HTTP/1.1" 200 8364
::1 - - [17/Apr/2023:01:52:59 +0800] "GET /phpmyadmin/index.php?route=/recent-table&ajax_request=1&recent_table=1&no_debug=true&_nocache=1681667579982364971&token=3422467922556d722f594a4a4b6f6d64 HTTP/1.1" 200 1579
::1 - - [17/Apr/2023:01:57:28 +0800] "GET /phpmyadmin/index.php?route=/sql&db=fpga_systems&table=quartus_systems&pos=0 HTTP/1.1" 200 14972
::1 - - [17/Apr/2023:01:57:28 +0800] "GET /phpmyadmin/themes/pmahomme/css/theme.css?v=5.1.3&nocache=-1742931939ltr&server=1 HTTP/1.1" 200 216144
::1 - - [17/Apr/2023:01:57:28 +0800] "POST /phpmyadmin/index.php?route=/config/get HTTP/1.1" 200 1523
::1 - - [17/Apr/2023:01:57:28 +0800] "POST /phpmyadmin/index.php?route=/config/get HTTP/1.1" 200 1614
::1 - - [17/Apr/2023:01:57:28 +0800] "GET /phpmyadmin/index.php?route=/recent-table&ajax_request=1&recent_table=1&no_debug=true&_nocache=1681667848499738696&token=3422467922556d722f594a4a4b6f6d64 HTTP/1.1" 200 1579
::1 - - [17/Apr/2023:01:57:28 +0800] "POST /phpmyadmin/index.php?route=/navigation&ajax_request=1 HTTP/1.1" 200 2353
::1 - - [17/Apr/2023:01:57:28 +0800] "POST /phpmyadmin/index.php?route=/config/set HTTP/1.1" 200 1515
::1 - - [17/Apr/2023:01:57:32 +0800] "GET /phpmyadmin/index.php?route=/sql&db=fpga_systems&table=quartus_systems&pos=0&ajax_request=true&ajax_page_request=true&_nocache=1681667852462698354&token=3422467922556d722f594a4a4b6f6d64 HTTP/1.1" 200 8231
::1 - - [17/Apr/2023:01:57:32 +0800] "GET /phpmyadmin/index.php?route=/recent-table&ajax_request=1&recent_table=1&no_debug=true&_nocache=1681667852645446356&token=3422467922556d722f594a4a4b6f6d64 HTTP/1.1" 200 1579
::1 - - [17/Apr/2023:01:57:36 +0800] "POST /phpmyadmin/index.php?route=/config/set HTTP/1.1" 200 1515
::1 - - [17/Apr/2023:01:57:41 +0800] "GET /phpmyadmin/index.php?route=/sql&server=1&db=fpga_systems&table=quartus_systems&pos=0&ajax_request=true&ajax_page_request=true&_nocache=1681667861923533106&token=3422467922556d722f594a4a4b6f6d64 HTTP/1.1" 200 8230
::1 - - [17/Apr/2023:01:57:42 +0800] "GET /phpmyadmin/index.php?route=/recent-table&ajax_request=1&recent_table=1&no_debug=true&_nocache=1681667862081431937&token=3422467922556d722f594a4a4b6f6d64 HTTP/1.1" 200 1579
::1 - - [17/Apr/2023:01:58:58 +0800] "GET / HTTP/1.1" 200 2332
::1 - - [17/Apr/2023:01:59:15 +0800] "POST /insert_data.php HTTP/1.1" 500 -
::1 - - [17/Apr/2023:02:00:26 +0800] "POST /insert_data.php HTTP/1.1" 200 117
::1 - - [17/Apr/2023:02:02:36 +0800] "GET /phpmyadmin/index.php?route=/sql&db=fpga_systems&table=quartus_systems&pos=0&ajax_request=true&ajax_page_request=true&_nocache=1681668156468859356&token=3422467922556d722f594a4a4b6f6d64 HTTP/1.1" 200 8231
::1 - - [17/Apr/2023:02:02:36 +0800] "GET /phpmyadmin/index.php?route=/recent-table&ajax_request=1&recent_table=1&no_debug=true&_nocache=1681668156661774530&token=3422467922556d722f594a4a4b6f6d64 HTTP/1.1" 200 1579
::1 - - [17/Apr/2023:02:02:39 +0800] "POST /phpmyadmin/index.php HTTP/1.1" 200 1998
::1 - - [17/Apr/2023:02:02:40 +0800] "GET /phpmyadmin/index.php?route=/recent-table&ajax_request=1&recent_table=1&no_debug=true&_nocache=1681668160036732690&token=3422467922556d722f594a4a4b6f6d64 HTTP/1.1" 200 1579
::1 - - [17/Apr/2023:02:02:48 +0800] "GET /phpmyadmin/index.php?route=%2Ftable%2Fstructure&db=fpga_systems&table=quartus_systems&server=1&ajax_request=true&ajax_page_request=true&_nocache=1681668168929718373&token=3422467922556d722f594a4a4b6f6d64 HTTP/1.1" 200 8364
::1 - - [17/Apr/2023:02:02:49 +0800] "GET /phpmyadmin/index.php?route=/recent-table&ajax_request=1&recent_table=1&no_debug=true&_nocache=1681668169086804998&token=3422467922556d722f594a4a4b6f6d64 HTTP/1.1" 200 1579
::1 - - [17/Apr/2023:02:03:28 +0800] "GET /phpmyadmin/themes/pmahomme/img/bd_ftext.png HTTP/1.1" 200 286
::1 - - [17/Apr/2023:02:04:57 +0800] "POST /insert_data.php HTTP/1.1" 500 117
::1 - - [17/Apr/2023:02:05:05 +0800] "GET /phpmyadmin/index.php?route=/sql&db=fpga_systems&table=quartus_systems&pos=0&ajax_request=true&ajax_page_request=true&_nocache=168166830514116423&token=3422467922556d722f594a4a4b6f6d64 HTTP/1.1" 200 8231
::1 - - [17/Apr/2023:02:05:05 +0800] "GET /phpmyadmin/index.php?route=/recent-table&ajax_request=1&recent_table=1&no_debug=true&_nocache=1681668305330523023&token=3422467922556d722f594a4a4b6f6d64 HTTP/1.1" 200 1579
::1 - - [17/Apr/2023:02:05:07 +0800] "GET /phpmyadmin/index.php?route=/sql&db=fpga_systems&table=quartus_systems&pos=0 HTTP/1.1" 200 14964
::1 - - [17/Apr/2023:02:05:07 +0800] "GET /phpmyadmin/themes/pmahomme/css/theme.css?v=5.1.3&nocache=647144654ltr&server=1 HTTP/1.1" 200 216144
::1 - - [17/Apr/2023:02:05:07 +0800] "POST /phpmyadmin/index.php?route=/config/get HTTP/1.1" 200 1524
::1 - - [17/Apr/2023:02:05:07 +0800] "POST /phpmyadmin/index.php?route=/config/get HTTP/1.1" 200 1614
::1 - - [17/Apr/2023:02:05:07 +0800] "POST /phpmyadmin/index.php?route=/navigation&ajax_request=1 HTTP/1.1" 200 2353
::1 - - [17/Apr/2023:02:05:07 +0800] "GET /phpmyadmin/index.php?route=/recent-table&ajax_request=1&recent_table=1&no_debug=true&_nocache=1681668307381659945&token=3422467922556d722f594a4a4b6f6d64 HTTP/1.1" 200 1579
::1 - - [17/Apr/2023:02:05:07 +0800] "POST /phpmyadmin/index.php?route=/config/set HTTP/1.1" 200 1515
::1 - - [17/Apr/2023:02:06:14 +0800] "GET / HTTP/1.1" 200 2332
::1 - - [17/Apr/2023:02:06:25 +0800] "POST /insert_data.php HTTP/1.1" 500 126
::1 - - [17/Apr/2023:02:08:17 +0800] "POST /insert_data.php HTTP/1.1" 500 273
::1 - - [17/Apr/2023:02:09:43 +0800] "POST /insert_data.php HTTP/1.1" 200 662
::1 - - [17/Apr/2023:02:10:43 +0800] "GET /phpmyadmin/themes/pmahomme/img/s_unlink.png HTTP/1.1" 200 589
::1 - - [17/Apr/2023:02:11:15 +0800] "POST /insert_data.php HTTP/1.1" 200 662
::1 - - [17/Apr/2023:02:11:18 +0800] "POST /insert_data.php HTTP/1.1" 200 662
::1 - - [17/Apr/2023:02:11:32 +0800] "POST /insert_data.php HTTP/1.1" 200 662
::1 - - [17/Apr/2023:02:15:39 +0800] "POST /insert_data.php HTTP/1.1" 200 678
::1 - - [17/Apr/2023:02:15:44 +0800] "POST /insert_data.php HTTP/1.1" 200 678
::1 - - [17/Apr/2023:02:19:45 +0800] "GET /phpmyadmin/index.php?route=/table/change&db=fpga_systems&table=quartus_systems&ajax_request=true&ajax_page_request=true&_nocache=1681669185714436965&token=3422467922556d722f594a4a4b6f6d64 HTTP/1.1" 200 7547
::1 - - [17/Apr/2023:02:19:45 +0800] "GET /phpmyadmin/index.php?route=/recent-table&ajax_request=1&recent_table=1&no_debug=true&_nocache=1681669185966712473&token=3422467922556d722f594a4a4b6f6d64 HTTP/1.1" 200 1579
::1 - - [17/Apr/2023:02:20:03 +0800] "POST /phpmyadmin/index.php?route=/table/replace HTTP/1.1" 200 5520
::1 - - [17/Apr/2023:02:20:03 +0800] "GET /phpmyadmin/index.php?route=/recent-table&ajax_request=1&recent_table=1&no_debug=true&_nocache=1681669203771957980&token=3422467922556d722f594a4a4b6f6d64 HTTP/1.1" 200 1579
::1 - - [17/Apr/2023:02:20:03 +0800] "POST /phpmyadmin/index.php?route=/lint HTTP/1.1" 200 28
::1 - - [17/Apr/2023:02:21:17 +0800] "POST /insert_data.php HTTP/1.1" 200 858
::1 - - [17/Apr/2023:02:21:37 +0800] "POST /phpmyadmin/index.php?route=/ HTTP/1.1" 200 1566
::1 - - [17/Apr/2023:02:21:41 +0800] "GET /phpmyadmin/index.php?route=%2Fsql&db=fpga_systems&table=quartus_systems&server=1&ajax_request=true&ajax_page_request=true&_nocache=1681669301867651470&token=3422467922556d722f594a4a4b6f6d64 HTTP/1.1" 200 8327
::1 - - [17/Apr/2023:02:21:42 +0800] "GET /phpmyadmin/index.php?route=/recent-table&ajax_request=1&recent_table=1&no_debug=true&_nocache=168166930204996631&token=3422467922556d722f594a4a4b6f6d64 HTTP/1.1" 200 1579
::1 - - [17/Apr/2023:02:21:45 +0800] "POST /phpmyadmin/index.php HTTP/1.1" 200 6997
::1 - - [17/Apr/2023:02:21:46 +0800] "GET /phpmyadmin/index.php?route=/recent-table&ajax_request=1&recent_table=1&no_debug=true&_nocache=1681669306148221709&token=3422467922556d722f594a4a4b6f6d64 HTTP/1.1" 200 1579
::1 - - [17/Apr/2023:02:21:51 +0800] "POST /phpmyadmin/index.php?route=/table/replace HTTP/1.1" 200 544
::1 - - [17/Apr/2023:02:22:21 +0800] "GET /phpmyadmin/index.php?route=/sql&db=fpga_systems&table=quartus_systems&pos=0&ajax_request=true&ajax_page_request=true&_nocache=1681669341113259173&token=3422467922556d722f594a4a4b6f6d64 HTTP/1.1" 200 8325
::1 - - [17/Apr/2023:02:22:21 +0800] "GET /phpmyadmin/index.php?route=/recent-table&ajax_request=1&recent_table=1&no_debug=true&_nocache=1681669341326129368&token=3422467922556d722f594a4a4b6f6d64 HTTP/1.1" 200 1579
::1 - - [17/Apr/2023:02:22:27 +0800] "GET /phpmyadmin/index.php?route=/table/structure&db=fpga_systems&table=quartus_systems&ajax_request=true&ajax_page_request=true&_nocache=1681669347745901864&token=3422467922556d722f594a4a4b6f6d64 HTTP/1.1" 200 8387
::1 - - [17/Apr/2023:02:22:27 +0800] "GET /phpmyadmin/index.php?route=/recent-table&ajax_request=1&recent_table=1&no_debug=true&_nocache=1681669347899792262&token=3422467922556d722f594a4a4b6f6d64 HTTP/1.1" 200 1579
::1 - - [17/Apr/2023:02:22:33 +0800] "GET /phpmyadmin/themes/pmahomme/img/bd_primary.png HTTP/1.1" 200 294
::1 - - [17/Apr/2023:02:22:43 +0800] "GET /phpmyadmin/index.php?route=/table/structure/change&db=fpga_systems&table=quartus_systems&field=SystemID&change_column=1 HTTP/1.1" 200 15662
::1 - - [17/Apr/2023:02:22:43 +0800] "GET /phpmyadmin/themes/pmahomme/css/theme.css?v=5.1.3&nocache=339993435ltr&server=1 HTTP/1.1" 200 216144
::1 - - [17/Apr/2023:02:22:43 +0800] "POST /phpmyadmin/index.php?route=/config/get HTTP/1.1" 200 1524
::1 - - [17/Apr/2023:02:22:43 +0800] "POST /phpmyadmin/index.php?route=/config/get HTTP/1.1" 200 1614
::1 - - [17/Apr/2023:02:22:43 +0800] "POST /phpmyadmin/index.php?route=/navigation&ajax_request=1 HTTP/1.1" 200 2353
::1 - - [17/Apr/2023:02:22:43 +0800] "GET /phpmyadmin/index.php?route=/recent-table&ajax_request=1&recent_table=1&no_debug=true&_nocache=1681669363352891912&token=3422467922556d722f594a4a4b6f6d64 HTTP/1.1" 200 1579
::1 - - [17/Apr/2023:02:22:43 +0800] "POST /phpmyadmin/index.php?route=/config/set HTTP/1.1" 200 1515
::1 - - [17/Apr/2023:02:24:49 +0800] "POST /insert_data.php HTTP/1.1" 200 841
::1 - - [17/Apr/2023:02:25:24 +0800] "POST /phpmyadmin/index.php?route=/table/structure/save HTTP/1.1" 200 1771
::1 - - [17/Apr/2023:02:25:32 +0800] "GET /phpmyadmin/index.php?route=/sql&db=fpga_systems&table=quartus_systems&pos=0&ajax_request=true&ajax_page_request=true&_nocache=1681669532332478069&token=3422467922556d722f594a4a4b6f6d64 HTTP/1.1" 200 8325
::1 - - [17/Apr/2023:02:25:32 +0800] "GET /phpmyadmin/index.php?route=/recent-table&ajax_request=1&recent_table=1&no_debug=true&_nocache=168166953251148518&token=3422467922556d722f594a4a4b6f6d64 HTTP/1.1" 200 1579
::1 - - [17/Apr/2023:02:25:37 +0800] "POST /phpmyadmin/index.php HTTP/1.1" 200 6997
::1 - - [17/Apr/2023:02:25:37 +0800] "GET /phpmyadmin/index.php?route=/recent-table&ajax_request=1&recent_table=1&no_debug=true&_nocache=1681669537578697861&token=3422467922556d722f594a4a4b6f6d64 HTTP/1.1" 200 1579
::1 - - [17/Apr/2023:02:25:43 +0800] "POST /phpmyadmin/index.php?route=/table/replace HTTP/1.1" 200 1804
::1 - - [17/Apr/2023:02:25:53 +0800] "GET /phpmyadmin/index.php?route=/sql&db=fpga_systems&table=quartus_systems&pos=0&ajax_request=true&ajax_page_request=true&_nocache=1681669553380452704&token=3422467922556d722f594a4a4b6f6d64 HTTP/1.1" 200 8326
::1 - - [17/Apr/2023:02:25:53 +0800] "GET /phpmyadmin/index.php?route=/recent-table&ajax_request=1&recent_table=1&no_debug=true&_nocache=168166955356930689&token=3422467922556d722f594a4a4b6f6d64 HTTP/1.1" 200 1579
::1 - - [17/Apr/2023:02:25:58 +0800] "POST /phpmyadmin/index.php HTTP/1.1" 200 2071
::1 - - [17/Apr/2023:02:26:10 +0800] "GET /phpmyadmin/index.php?route=/table/change&db=fpga_systems&table=quartus_systems&ajax_request=true&ajax_page_request=true&_nocache=1681669570205447695&token=3422467922556d722f594a4a4b6f6d64 HTTP/1.1" 200 7547
::1 - - [17/Apr/2023:02:26:10 +0800] "GET /phpmyadmin/index.php?route=/recent-table&ajax_request=1&recent_table=1&no_debug=true&_nocache=1681669570351921788&token=3422467922556d722f594a4a4b6f6d64 HTTP/1.1" 200 1579
::1 - - [17/Apr/2023:02:26:30 +0800] "POST /phpmyadmin/index.php?route=/table/replace HTTP/1.1" 200 1865
::1 - - [17/Apr/2023:02:27:23 +0800] "GET /phpmyadmin/index.php?route=/sql&db=fpga_systems&table=quartus_systems&pos=0&ajax_request=true&ajax_page_request=true&_nocache=1681669643077881710&token=3422467922556d722f594a4a4b6f6d64 HTTP/1.1" 200 8231
::1 - - [17/Apr/2023:02:27:23 +0800] "GET /phpmyadmin/index.php?route=/recent-table&ajax_request=1&recent_table=1&no_debug=true&_nocache=168166964326944312&token=3422467922556d722f594a4a4b6f6d64 HTTP/1.1" 200 1579
::1 - - [17/Apr/2023:02:27:26 +0800] "GET /phpmyadmin/index.php?route=/table/structure&db=fpga_systems&table=quartus_systems&ajax_request=true&ajax_page_request=true&_nocache=1681669646466362875&token=3422467922556d722f594a4a4b6f6d64 HTTP/1.1" 200 8388
::1 - - [17/Apr/2023:02:27:26 +0800] "GET /phpmyadmin/index.php?route=/recent-table&ajax_request=1&recent_table=1&no_debug=true&_nocache=1681669646643924896&token=3422467922556d722f594a4a4b6f6d64 HTTP/1.1" 200 1579
::1 - - [17/Apr/2023:02:27:29 +0800] "GET /phpmyadmin/index.php?route=/table/structure/change&db=fpga_systems&table=quartus_systems&field=SystemID&change_column=1 HTTP/1.1" 200 15663
::1 - - [17/Apr/2023:02:27:29 +0800] "GET /phpmyadmin/themes/pmahomme/css/theme.css?v=5.1.3&nocache=-1464634383ltr&server=1 HTTP/1.1" 200 216144
::1 - - [17/Apr/2023:02:27:29 +0800] "POST /phpmyadmin/index.php?route=/config/get HTTP/1.1" 200 1524
::1 - - [17/Apr/2023:02:27:29 +0800] "POST /phpmyadmin/index.php?route=/navigation&ajax_request=1 HTTP/1.1" 200 2353
::1 - - [17/Apr/2023:02:27:29 +0800] "POST /phpmyadmin/index.php?route=/config/get HTTP/1.1" 200 1614
::1 - - [17/Apr/2023:02:27:29 +0800] "GET /phpmyadmin/index.php?route=/recent-table&ajax_request=1&recent_table=1&no_debug=true&_nocache=168166964990076728&token=3422467922556d722f594a4a4b6f6d64 HTTP/1.1" 200 1579
::1 - - [17/Apr/2023:02:27:30 +0800] "POST /phpmyadmin/index.php?route=/config/set HTTP/1.1" 200 1515
::1 - - [17/Apr/2023:02:27:39 +0800] "POST /phpmyadmin/index.php?route=/table/structure/save HTTP/1.1" 200 15018
::1 - - [17/Apr/2023:02:27:39 +0800] "GET /phpmyadmin/themes/pmahomme/css/theme.css?v=5.1.3&nocache=-1074339515ltr&server=1 HTTP/1.1" 200 216144
::1 - - [17/Apr/2023:02:27:39 +0800] "GET /phpmyadmin/themes/pmahomme/img/s_error.png HTTP/1.1" 200 614
::1 - - [17/Apr/2023:02:27:39 +0800] "POST /phpmyadmin/index.php?route=/navigation&ajax_request=1 HTTP/1.1" 200 2353
::1 - - [17/Apr/2023:02:27:39 +0800] "POST /phpmyadmin/index.php?route=/config/get HTTP/1.1" 200 1524
::1 - - [17/Apr/2023:02:27:39 +0800] "POST /phpmyadmin/index.php?route=/config/get HTTP/1.1" 200 1614
::1 - - [17/Apr/2023:02:27:39 +0800] "GET /phpmyadmin/index.php?route=/recent-table&ajax_request=1&recent_table=1&no_debug=true&_nocache=1681669659261695907&token=3422467922556d722f594a4a4b6f6d64 HTTP/1.1" 200 1579
::1 - - [17/Apr/2023:02:27:39 +0800] "POST /phpmyadmin/index.php?route=/config/set HTTP/1.1" 200 1515
::1 - - [17/Apr/2023:02:27:47 +0800] "GET /phpmyadmin/index.php?route=/table/structure/change&db=fpga_systems&table=quartus_systems&field=SystemID&change_column=1 HTTP/1.1" 200 15662
::1 - - [17/Apr/2023:02:27:47 +0800] "GET /phpmyadmin/themes/pmahomme/css/theme.css?v=5.1.3&nocache=295706117ltr&server=1 HTTP/1.1" 200 216144
::1 - - [17/Apr/2023:02:27:47 +0800] "POST /phpmyadmin/index.php?route=/config/get HTTP/1.1" 200 1524
::1 - - [17/Apr/2023:02:27:47 +0800] "POST /phpmyadmin/index.php?route=/navigation&ajax_request=1 HTTP/1.1" 200 2353
::1 - - [17/Apr/2023:02:27:47 +0800] "POST /phpmyadmin/index.php?route=/config/get HTTP/1.1" 200 1614
::1 - - [17/Apr/2023:02:27:47 +0800] "GET /phpmyadmin/index.php?route=/recent-table&ajax_request=1&recent_table=1&no_debug=true&_nocache=1681669667682855255&token=3422467922556d722f594a4a4b6f6d64 HTTP/1.1" 200 1579
::1 - - [17/Apr/2023:02:27:47 +0800] "POST /phpmyadmin/index.php?route=/config/set HTTP/1.1" 200 1515
::1 - - [17/Apr/2023:02:28:17 +0800] "POST /phpmyadmin/index.php?route=/table/structure/save HTTP/1.1" 200 15031
::1 - - [17/Apr/2023:02:28:17 +0800] "GET /phpmyadmin/themes/pmahomme/css/theme.css?v=5.1.3&nocache=-884596228ltr&server=1 HTTP/1.1" 200 216144
::1 - - [17/Apr/2023:02:28:17 +0800] "POST /phpmyadmin/index.php?route=/config/get HTTP/1.1" 200 1524
::1 - - [17/Apr/2023:02:28:17 +0800] "POST /phpmyadmin/index.php?route=/navigation&ajax_request=1 HTTP/1.1" 200 2353
::1 - - [17/Apr/2023:02:28:17 +0800] "POST /phpmyadmin/index.php?route=/config/get HTTP/1.1" 200 1614
::1 - - [17/Apr/2023:02:28:17 +0800] "GET /phpmyadmin/index.php?route=/recent-table&ajax_request=1&recent_table=1&no_debug=true&_nocache=168166969733636605&token=3422467922556d722f594a4a4b6f6d64 HTTP/1.1" 200 1579
::1 - - [17/Apr/2023:02:28:17 +0800] "POST /phpmyadmin/index.php?route=/config/set HTTP/1.1" 200 1515
::1 - - [17/Apr/2023:02:28:53 +0800] "GET /phpmyadmin/index.php?route=/table/structure/change&db=fpga_systems&table=quartus_systems&field=SystemID&change_column=1 HTTP/1.1" 200 15663
::1 - - [17/Apr/2023:02:28:53 +0800] "GET /phpmyadmin/themes/pmahomme/css/theme.css?v=5.1.3&nocache=-1613831583ltr&server=1 HTTP/1.1" 200 216144
::1 - - [17/Apr/2023:02:28:53 +0800] "POST /phpmyadmin/index.php?route=/navigation&ajax_request=1 HTTP/1.1" 200 2353
::1 - - [17/Apr/2023:02:28:53 +0800] "POST /phpmyadmin/index.php?route=/config/get HTTP/1.1" 200 1524
::1 - - [17/Apr/2023:02:28:53 +0800] "POST /phpmyadmin/index.php?route=/config/get HTTP/1.1" 200 1614
::1 - - [17/Apr/2023:02:28:53 +0800] "GET /phpmyadmin/index.php?route=/recent-table&ajax_request=1&recent_table=1&no_debug=true&_nocache=1681669733531254179&token=3422467922556d722f594a4a4b6f6d64 HTTP/1.1" 200 1579
::1 - - [17/Apr/2023:02:28:53 +0800] "POST /phpmyadmin/index.php?route=/config/set HTTP/1.1" 200 1515
::1 - - [17/Apr/2023:02:28:59 +0800] "GET /phpmyadmin/index.php?route=/sql&db=fpga_systems&table=quartus_systems&pos=0&ajax_request=true&ajax_page_request=true&_nocache=1681669739387540494&token=3422467922556d722f594a4a4b6f6d64 HTTP/1.1" 200 8231
::1 - - [17/Apr/2023:02:28:59 +0800] "GET /phpmyadmin/index.php?route=/recent-table&ajax_request=1&recent_table=1&no_debug=true&_nocache=1681669739559838734&token=3422467922556d722f594a4a4b6f6d64 HTTP/1.1" 200 1579
::1 - - [17/Apr/2023:02:29:02 +0800] "POST /phpmyadmin/index.php HTTP/1.1" 200 2072
::1 - - [17/Apr/2023:02:29:04 +0800] "POST /phpmyadmin/index.php HTTP/1.1" 200 2072
::1 - - [17/Apr/2023:02:29:07 +0800] "GET /phpmyadmin/index.php?route=/table/structure&db=fpga_systems&table=quartus_systems&ajax_request=true&ajax_page_request=true&_nocache=1681669747892707282&token=3422467922556d722f594a4a4b6f6d64 HTTP/1.1" 200 8385
::1 - - [17/Apr/2023:02:29:08 +0800] "GET /phpmyadmin/index.php?route=/recent-table&ajax_request=1&recent_table=1&no_debug=true&_nocache=1681669748044263054&token=3422467922556d722f594a4a4b6f6d64 HTTP/1.1" 200 1579
::1 - - [17/Apr/2023:02:29:10 +0800] "GET /phpmyadmin/index.php?route=/table/structure/change&db=fpga_systems&table=quartus_systems&field=SystemID&change_column=1 HTTP/1.1" 200 15662
::1 - - [17/Apr/2023:02:29:10 +0800] "GET /phpmyadmin/themes/pmahomme/css/theme.css?v=5.1.3&nocache=1325761021ltr&server=1 HTTP/1.1" 200 216144
::1 - - [17/Apr/2023:02:29:10 +0800] "POST /phpmyadmin/index.php?route=/config/get HTTP/1.1" 200 1524
::1 - - [17/Apr/2023:02:29:10 +0800] "POST /phpmyadmin/index.php?route=/config/get HTTP/1.1" 200 1614
::1 - - [17/Apr/2023:02:29:10 +0800] "POST /phpmyadmin/index.php?route=/navigation&ajax_request=1 HTTP/1.1" 200 2353
::1 - - [17/Apr/2023:02:29:10 +0800] "GET /phpmyadmin/index.php?route=/recent-table&ajax_request=1&recent_table=1&no_debug=true&_nocache=1681669750823471472&token=3422467922556d722f594a4a4b6f6d64 HTTP/1.1" 200 1579
::1 - - [17/Apr/2023:02:29:10 +0800] "POST /phpmyadmin/index.php?route=/config/set HTTP/1.1" 200 1515
::1 - - [17/Apr/2023:02:29:19 +0800] "POST /phpmyadmin/index.php?route=/table/structure/save HTTP/1.1" 200 15006
::1 - - [17/Apr/2023:02:29:20 +0800] "GET /phpmyadmin/themes/pmahomme/css/theme.css?v=5.1.3&nocache=-1936617054ltr&server=1 HTTP/1.1" 200 216144
::1 - - [17/Apr/2023:02:29:20 +0800] "POST /phpmyadmin/index.php?route=/config/get HTTP/1.1" 200 1524
::1 - - [17/Apr/2023:02:29:20 +0800] "POST /phpmyadmin/index.php?route=/navigation&ajax_request=1 HTTP/1.1" 200 2353
::1 - - [17/Apr/2023:02:29:20 +0800] "POST /phpmyadmin/index.php?route=/config/get HTTP/1.1" 200 1614
::1 - - [17/Apr/2023:02:29:20 +0800] "GET /phpmyadmin/index.php?route=/recent-table&ajax_request=1&recent_table=1&no_debug=true&_nocache=1681669760213143188&token=3422467922556d722f594a4a4b6f6d64 HTTP/1.1" 200 1579
::1 - - [17/Apr/2023:02:29:20 +0800] "POST /phpmyadmin/index.php?route=/config/set HTTP/1.1" 200 1515
::1 - - [17/Apr/2023:02:29:45 +0800] "GET /phpmyadmin/index.php?route=/table/structure/change&db=fpga_systems&table=quartus_systems&field=SystemID&change_column=1 HTTP/1.1" 200 15660
::1 - - [17/Apr/2023:02:29:46 +0800] "GET /phpmyadmin/themes/pmahomme/css/theme.css?v=5.1.3&nocache=14883501ltr&server=1 HTTP/1.1" 200 216144
::1 - - [17/Apr/2023:02:29:46 +0800] "POST /phpmyadmin/index.php?route=/config/get HTTP/1.1" 200 1524
::1 - - [17/Apr/2023:02:29:46 +0800] "POST /phpmyadmin/index.php?route=/navigation&ajax_request=1 HTTP/1.1" 200 2353
::1 - - [17/Apr/2023:02:29:46 +0800] "POST /phpmyadmin/index.php?route=/config/get HTTP/1.1" 200 1614
::1 - - [17/Apr/2023:02:29:46 +0800] "GET /phpmyadmin/index.php?route=/recent-table&ajax_request=1&recent_table=1&no_debug=true&_nocache=1681669786125188797&token=3422467922556d722f594a4a4b6f6d64 HTTP/1.1" 200 1579
::1 - - [17/Apr/2023:02:29:46 +0800] "POST /phpmyadmin/index.php?route=/config/set HTTP/1.1" 200 1515
::1 - - [17/Apr/2023:02:29:51 +0800] "POST /phpmyadmin/index.php?route=/table/structure/save HTTP/1.1" 200 15008
::1 - - [17/Apr/2023:02:29:51 +0800] "GET /phpmyadmin/themes/pmahomme/css/theme.css?v=5.1.3&nocache=357714286ltr&server=1 HTTP/1.1" 200 216144
::1 - - [17/Apr/2023:02:29:51 +0800] "POST /phpmyadmin/index.php?route=/config/get HTTP/1.1" 200 1524
::1 - - [17/Apr/2023:02:29:51 +0800] "POST /phpmyadmin/index.php?route=/navigation&ajax_request=1 HTTP/1.1" 200 2353
::1 - - [17/Apr/2023:02:29:51 +0800] "POST /phpmyadmin/index.php?route=/config/get HTTP/1.1" 200 1614
::1 - - [17/Apr/2023:02:29:51 +0800] "GET /phpmyadmin/index.php?route=/recent-table&ajax_request=1&recent_table=1&no_debug=true&_nocache=1681669791515848277&token=3422467922556d722f594a4a4b6f6d64 HTTP/1.1" 200 1579
::1 - - [17/Apr/2023:02:29:51 +0800] "POST /phpmyadmin/index.php?route=/config/set HTTP/1.1" 200 1515
::1 - - [17/Apr/2023:02:29:58 +0800] "GET /phpmyadmin/index.php?route=/table/structure/change&db=fpga_systems&table=quartus_systems&field=SystemID&change_column=1 HTTP/1.1" 200 15663
::1 - - [17/Apr/2023:02:29:58 +0800] "GET /phpmyadmin/themes/pmahomme/css/theme.css?v=5.1.3&nocache=-916178874ltr&server=1 HTTP/1.1" 200 216144
::1 - - [17/Apr/2023:02:29:58 +0800] "POST /phpmyadmin/index.php?route=/config/get HTTP/1.1" 200 1524
::1 - - [17/Apr/2023:02:29:58 +0800] "POST /phpmyadmin/index.php?route=/navigation&ajax_request=1 HTTP/1.1" 200 2353
::1 - - [17/Apr/2023:02:29:58 +0800] "POST /phpmyadmin/index.php?route=/config/get HTTP/1.1" 200 1614
::1 - - [17/Apr/2023:02:29:58 +0800] "GET /phpmyadmin/index.php?route=/recent-table&ajax_request=1&recent_table=1&no_debug=true&_nocache=1681669798979777077&token=3422467922556d722f594a4a4b6f6d64 HTTP/1.1" 200 1579
::1 - - [17/Apr/2023:02:29:59 +0800] "POST /phpmyadmin/index.php?route=/config/set HTTP/1.1" 200 1515
::1 - - [17/Apr/2023:02:30:14 +0800] "POST /phpmyadmin/index.php?route=/table/structure/save HTTP/1.1" 200 15024
::1 - - [17/Apr/2023:02:30:15 +0800] "GET /phpmyadmin/themes/pmahomme/css/theme.css?v=5.1.3&nocache=-96655760ltr&server=1 HTTP/1.1" 200 216144
::1 - - [17/Apr/2023:02:30:15 +0800] "POST /phpmyadmin/index.php?route=/config/get HTTP/1.1" 200 1614
::1 - - [17/Apr/2023:02:30:15 +0800] "POST /phpmyadmin/index.php?route=/config/get HTTP/1.1" 200 1524
::1 - - [17/Apr/2023:02:30:15 +0800] "POST /phpmyadmin/index.php?route=/navigation&ajax_request=1 HTTP/1.1" 200 2353
::1 - - [17/Apr/2023:02:30:15 +0800] "GET /phpmyadmin/index.php?route=/recent-table&ajax_request=1&recent_table=1&no_debug=true&_nocache=1681669815281259154&token=3422467922556d722f594a4a4b6f6d64 HTTP/1.1" 200 1579
::1 - - [17/Apr/2023:02:30:15 +0800] "POST /phpmyadmin/index.php?route=/config/set HTTP/1.1" 200 1515
::1 - - [17/Apr/2023:02:30:19 +0800] "GET /phpmyadmin/index.php?route=/table/structure/change&db=fpga_systems&table=quartus_systems&field=SystemID&change_column=1 HTTP/1.1" 200 15665
::1 - - [17/Apr/2023:02:30:19 +0800] "GET /phpmyadmin/themes/pmahomme/css/theme.css?v=5.1.3&nocache=-1851056928ltr&server=1 HTTP/1.1" 200 216144
::1 - - [17/Apr/2023:02:30:19 +0800] "POST /phpmyadmin/index.php?route=/config/get HTTP/1.1" 200 1524
::1 - - [17/Apr/2023:02:30:19 +0800] "POST /phpmyadmin/index.php?route=/navigation&ajax_request=1 HTTP/1.1" 200 2353
::1 - - [17/Apr/2023:02:30:19 +0800] "POST /phpmyadmin/index.php?route=/config/get HTTP/1.1" 200 1614
::1 - - [17/Apr/2023:02:30:19 +0800] "GET /phpmyadmin/index.php?route=/recent-table&ajax_request=1&recent_table=1&no_debug=true&_nocache=1681669819774185564&token=3422467922556d722f594a4a4b6f6d64 HTTP/1.1" 200 1579
::1 - - [17/Apr/2023:02:30:19 +0800] "POST /phpmyadmin/index.php?route=/config/set HTTP/1.1" 200 1515
::1 - - [17/Apr/2023:02:30:23 +0800] "POST /phpmyadmin/index.php?route=/table/structure/save HTTP/1.1" 200 15023
::1 - - [17/Apr/2023:02:30:24 +0800] "GET /phpmyadmin/themes/pmahomme/css/theme.css?v=5.1.3&nocache=74782964ltr&server=1 HTTP/1.1" 200 216144
::1 - - [17/Apr/2023:02:30:24 +0800] "POST /phpmyadmin/index.php?route=/config/get HTTP/1.1" 200 1524
::1 - - [17/Apr/2023:02:30:24 +0800] "POST /phpmyadmin/index.php?route=/navigation&ajax_request=1 HTTP/1.1" 200 2353
::1 - - [17/Apr/2023:02:30:24 +0800] "POST /phpmyadmin/index.php?route=/config/get HTTP/1.1" 200 1614
::1 - - [17/Apr/2023:02:30:24 +0800] "GET /phpmyadmin/index.php?route=/recent-table&ajax_request=1&recent_table=1&no_debug=true&_nocache=1681669824099915089&token=3422467922556d722f594a4a4b6f6d64 HTTP/1.1" 200 1579
::1 - - [17/Apr/2023:02:30:24 +0800] "POST /phpmyadmin/index.php?route=/config/set HTTP/1.1" 200 1515
::1 - - [17/Apr/2023:02:32:09 +0800] "POST /insert_data.php HTTP/1.1" 200 857
::1 - - [17/Apr/2023:02:32:50 +0800] "POST /insert_data.php HTTP/1.1" 200 854
::1 - - [17/Apr/2023:02:35:40 +0800] "POST /insert_data.php HTTP/1.1" 200 859
::1 - - [17/Apr/2023:02:36:24 +0800] "GET / HTTP/1.1" 200 2332
::1 - - [17/Apr/2023:02:36:25 +0800] "GET / HTTP/1.1" 200 2332
::1 - - [17/Apr/2023:02:36:31 +0800] "GET / HTTP/1.1" 200 2477
::1 - - [17/Apr/2023:02:36:41 +0800] "POST /insert_data.php HTTP/1.1" 200 726
::1 - - [17/Apr/2023:02:36:57 +0800] "GET /phpmyadmin/index.php?route=/table/change&db=fpga_systems&table=quartus_systems&ajax_request=true&ajax_page_request=true&_nocache=1681670217954621225&token=3422467922556d722f594a4a4b6f6d64 HTTP/1.1" 200 7547
::1 - - [17/Apr/2023:02:36:58 +0800] "GET /phpmyadmin/index.php?route=/recent-table&ajax_request=1&recent_table=1&no_debug=true&_nocache=1681670218139382240&token=3422467922556d722f594a4a4b6f6d64 HTTP/1.1" 200 1579
::1 - - [17/Apr/2023:02:37:28 +0800] "POST /phpmyadmin/index.php?route=/table/replace HTTP/1.1" 200 1855
::1 - - [17/Apr/2023:02:37:54 +0800] "POST /insert_data.php HTTP/1.1" 200 728
::1 - - [17/Apr/2023:02:37:58 +0800] "POST /insert_data.php HTTP/1.1" 200 728
::1 - - [17/Apr/2023:02:38:00 +0800] "POST /insert_data.php HTTP/1.1" 200 728
::1 - - [17/Apr/2023:02:39:07 +0800] "POST /insert_data.php HTTP/1.1" 200 727
::1 - - [17/Apr/2023:02:40:17 +0800] "POST /phpmyadmin/index.php?route=/ HTTP/1.1" 200 1566
::1 - - [17/Apr/2023:02:41:52 +0800] "POST /insert_data.php HTTP/1.1" 500 -
::1 - - [17/Apr/2023:02:41:55 +0800] "POST /insert_data.php HTTP/1.1" 500 -
::1 - - [17/Apr/2023:02:42:01 +0800] "POST /insert_data.php HTTP/1.1" 500 -
::1 - - [17/Apr/2023:02:42:04 +0800] "POST /insert_data.php HTTP/1.1" 500 -
::1 - - [17/Apr/2023:02:42:08 +0800] "POST /insert_data.php HTTP/1.1" 500 -
::1 - - [17/Apr/2023:02:42:11 +0800] "POST /insert_data.php HTTP/1.1" 500 -
::1 - - [17/Apr/2023:02:42:29 +0800] "POST /insert_data.php HTTP/1.1" 200 727
